<?xml version="1.0" encoding="UTF-8"?>
<testsuite name="ru.yofik.configserver.ConfigServerApplicationTests" tests="1" skipped="0" failures="0" errors="0" timestamp="2022-11-26T13:13:53" hostname="yaroslav" time="0.186">
  <properties/>
  <testcase name="contextLoads()" classname="ru.yofik.configserver.ConfigServerApplicationTests" time="0.186"/>
  <system-out><![CDATA[16:13:49.900 [Test worker] DEBUG org.springframework.test.context.BootstrapUtils - Instantiating CacheAwareContextLoaderDelegate from class [org.springframework.test.context.cache.DefaultCacheAwareContextLoaderDelegate]
16:13:49.906 [Test worker] DEBUG org.springframework.test.context.BootstrapUtils - Instantiating BootstrapContext using constructor [public org.springframework.test.context.support.DefaultBootstrapContext(java.lang.Class,org.springframework.test.context.CacheAwareContextLoaderDelegate)]
16:13:49.925 [Test worker] DEBUG org.springframework.test.context.BootstrapUtils - Instantiating TestContextBootstrapper for test class [ru.yofik.configserver.ConfigServerApplicationTests] from class [org.springframework.boot.test.context.SpringBootTestContextBootstrapper]
16:13:49.932 [Test worker] INFO org.springframework.boot.test.context.SpringBootTestContextBootstrapper - Neither @ContextConfiguration nor @ContextHierarchy found for test class [ru.yofik.configserver.ConfigServerApplicationTests], using SpringBootContextLoader
16:13:49.934 [Test worker] DEBUG org.springframework.test.context.support.AbstractContextLoader - Did not detect default resource location for test class [ru.yofik.configserver.ConfigServerApplicationTests]: class path resource [ru/yofik/configserver/ConfigServerApplicationTests-context.xml] does not exist
16:13:49.934 [Test worker] DEBUG org.springframework.test.context.support.AbstractContextLoader - Did not detect default resource location for test class [ru.yofik.configserver.ConfigServerApplicationTests]: class path resource [ru/yofik/configserver/ConfigServerApplicationTestsContext.groovy] does not exist
16:13:49.934 [Test worker] INFO org.springframework.test.context.support.AbstractContextLoader - Could not detect default resource locations for test class [ru.yofik.configserver.ConfigServerApplicationTests]: no resource found for suffixes {-context.xml, Context.groovy}.
16:13:49.935 [Test worker] INFO org.springframework.test.context.support.AnnotationConfigContextLoaderUtils - Could not detect default configuration classes for test class [ru.yofik.configserver.ConfigServerApplicationTests]: ConfigServerApplicationTests does not declare any static, non-private, non-final, nested classes annotated with @Configuration.
16:13:49.956 [Test worker] DEBUG org.springframework.test.context.support.ActiveProfilesUtils - Could not find an 'annotation declaring class' for annotation type [org.springframework.test.context.ActiveProfiles] and class [ru.yofik.configserver.ConfigServerApplicationTests]
16:13:49.985 [Test worker] DEBUG org.springframework.context.annotation.ClassPathScanningCandidateComponentProvider - Identified candidate component class: file [/home/yaroslav/Workspaces/IdeaProjects/soa/services/config-server/build/classes/kotlin/main/ru/yofik/configserver/ConfigServerApplication.class]
16:13:49.986 [Test worker] INFO org.springframework.boot.test.context.SpringBootTestContextBootstrapper - Found @SpringBootConfiguration ru.yofik.configserver.ConfigServerApplication for test class ru.yofik.configserver.ConfigServerApplicationTests
16:13:50.034 [Test worker] DEBUG org.springframework.boot.test.context.SpringBootTestContextBootstrapper - @TestExecutionListeners is not present for class [ru.yofik.configserver.ConfigServerApplicationTests]: using defaults.
16:13:50.034 [Test worker] INFO org.springframework.boot.test.context.SpringBootTestContextBootstrapper - Loaded default TestExecutionListener class names from location [META-INF/spring.factories]: [org.springframework.boot.test.autoconfigure.restdocs.RestDocsTestExecutionListener, org.springframework.boot.test.autoconfigure.web.client.MockRestServiceServerResetTestExecutionListener, org.springframework.boot.test.autoconfigure.web.servlet.MockMvcPrintOnlyOnFailureTestExecutionListener, org.springframework.boot.test.autoconfigure.web.servlet.WebDriverTestExecutionListener, org.springframework.boot.test.autoconfigure.webservices.client.MockWebServiceServerTestExecutionListener, org.springframework.boot.test.mock.mockito.MockitoTestExecutionListener, org.springframework.boot.test.mock.mockito.ResetMocksTestExecutionListener, org.springframework.test.context.web.ServletTestExecutionListener, org.springframework.test.context.support.DirtiesContextBeforeModesTestExecutionListener, org.springframework.test.context.event.ApplicationEventsTestExecutionListener, org.springframework.test.context.support.DependencyInjectionTestExecutionListener, org.springframework.test.context.support.DirtiesContextTestExecutionListener, org.springframework.test.context.transaction.TransactionalTestExecutionListener, org.springframework.test.context.jdbc.SqlScriptsTestExecutionListener, org.springframework.test.context.event.EventPublishingTestExecutionListener]
16:13:50.044 [Test worker] DEBUG org.springframework.boot.test.context.SpringBootTestContextBootstrapper - Skipping candidate TestExecutionListener [org.springframework.test.context.transaction.TransactionalTestExecutionListener] due to a missing dependency. Specify custom listener classes or make the default listener classes and their required dependencies available. Offending class: [org/springframework/transaction/TransactionDefinition]
16:13:50.045 [Test worker] DEBUG org.springframework.boot.test.context.SpringBootTestContextBootstrapper - Skipping candidate TestExecutionListener [org.springframework.test.context.jdbc.SqlScriptsTestExecutionListener] due to a missing dependency. Specify custom listener classes or make the default listener classes and their required dependencies available. Offending class: [org/springframework/transaction/interceptor/TransactionAttribute]
16:13:50.045 [Test worker] INFO org.springframework.boot.test.context.SpringBootTestContextBootstrapper - Using TestExecutionListeners: [org.springframework.test.context.web.ServletTestExecutionListener@4fdfa676, org.springframework.test.context.support.DirtiesContextBeforeModesTestExecutionListener@82c57b3, org.springframework.test.context.event.ApplicationEventsTestExecutionListener@5be82d43, org.springframework.boot.test.mock.mockito.MockitoTestExecutionListener@600b0b7, org.springframework.boot.test.autoconfigure.SpringBootDependencyInjectionTestExecutionListener@345e5a17, org.springframework.test.context.support.DirtiesContextTestExecutionListener@5ea502e0, org.springframework.test.context.event.EventPublishingTestExecutionListener@443dbe42, org.springframework.boot.test.autoconfigure.restdocs.RestDocsTestExecutionListener@473b3b7a, org.springframework.boot.test.autoconfigure.web.client.MockRestServiceServerResetTestExecutionListener@1734f68, org.springframework.boot.test.autoconfigure.web.servlet.MockMvcPrintOnlyOnFailureTestExecutionListener@77b7ffa4, org.springframework.boot.test.autoconfigure.web.servlet.WebDriverTestExecutionListener@5ed190be, org.springframework.boot.test.autoconfigure.webservices.client.MockWebServiceServerTestExecutionListener@402f80f5, org.springframework.boot.test.mock.mockito.ResetMocksTestExecutionListener@5bbc9f97]
16:13:50.047 [Test worker] DEBUG org.springframework.test.context.support.AbstractDirtiesContextTestExecutionListener - Before test class: context [DefaultTestContext@7db0565c testClass = ConfigServerApplicationTests, testInstance = [null], testMethod = [null], testException = [null], mergedContextConfiguration = [WebMergedContextConfiguration@54ec8cc9 testClass = ConfigServerApplicationTests, locations = '{}', classes = '{class ru.yofik.configserver.ConfigServerApplication}', contextInitializerClasses = '[]', activeProfiles = '{}', propertySourceLocations = '{}', propertySourceProperties = '{org.springframework.boot.test.context.SpringBootTestContextBootstrapper=true}', contextCustomizers = set[org.springframework.boot.test.autoconfigure.actuate.metrics.MetricsExportContextCustomizerFactory$DisableMetricExportContextCustomizer@20f12539, org.springframework.boot.test.autoconfigure.properties.PropertyMappingContextCustomizer@0, org.springframework.boot.test.autoconfigure.web.servlet.WebDriverContextCustomizerFactory$Customizer@aa549e5, org.springframework.boot.test.context.filter.ExcludeFilterContextCustomizer@62e6b5c8, org.springframework.boot.test.json.DuplicateJsonObjectContextCustomizerFactory$DuplicateJsonObjectContextCustomizer@6aecbb8d, org.springframework.boot.test.mock.mockito.MockitoContextCustomizer@0, org.springframework.boot.test.web.client.TestRestTemplateContextCustomizer@52045dbe, org.springframework.boot.test.context.SpringBootTestArgs@1, org.springframework.boot.test.context.SpringBootTestWebEnvironment@2eea88a1], resourceBasePath = 'src/main/webapp', contextLoader = 'org.springframework.boot.test.context.SpringBootContextLoader', parent = [null]], attributes = map['org.springframework.test.context.web.ServletTestExecutionListener.activateListener' -> true]], class annotated with @DirtiesContext [false] with mode [null].

  .   ____          _            __ _ _
 /\\ / ___'_ __ _ _(_)_ __  __ _ \ \ \ \
( ( )\___ | '_ | '_| | '_ \/ _` | \ \ \ \
 \\/  ___)| |_)| | | | | || (_| |  ) ) ) )
  '  |____| .__|_| |_|_| |_\__, | / / / /
 =========|_|==============|___/=/_/_/_/
 :: Spring Boot ::                (v2.7.6)

2022-11-26 16:13:51.267  INFO 25766 --- [    Test worker] r.y.c.ConfigServerApplicationTests       : Starting ConfigServerApplicationTests using Java 11.0.12 on yaroslav with PID 25766 (started by yaroslav in /home/yaroslav/Workspaces/IdeaProjects/soa/services/config-server)
2022-11-26 16:13:51.268  INFO 25766 --- [    Test worker] r.y.c.ConfigServerApplicationTests       : The following 1 profile is active: "native"
2022-11-26 16:13:51.836  INFO 25766 --- [    Test worker] o.s.cloud.context.scope.GenericScope     : BeanFactory id=a7ddce64-1e1d-344c-9b2a-2f3dd66e80da
2022-11-26 16:13:53.521  INFO 25766 --- [    Test worker] o.s.cloud.commons.util.InetUtils         : Cannot determine local hostname
2022-11-26 16:13:53.673  INFO 25766 --- [    Test worker] o.s.b.a.e.web.EndpointLinksResolver      : Exposing 15 endpoint(s) beneath base path '/actuator'
2022-11-26 16:13:53.703  INFO 25766 --- [    Test worker] r.y.c.ConfigServerApplicationTests       : Started ConfigServerApplicationTests in 3.634 seconds (JVM running for 4.219)
]]></system-out>
  <system-err><![CDATA[]]></system-err>
</testsuite>
